<?xml version="1.0" encoding="UTF-8"?>
<testng-results skipped="0" failed="5" total="18" passed="13">
  <reporter-output>
  </reporter-output>
  <suite name="Clear Demo" duration-ms="369497" started-at="2018-07-06T04:59:58Z" finished-at="2018-07-06T05:06:08Z">
    <groups>
    </groups>
    <test name="Clear Demo env Automation test scripts" duration-ms="369497" started-at="2018-07-06T04:59:58Z" finished-at="2018-07-06T05:06:08Z">
      <class name="com.Demo_TradesandGiveups">
        <test-method status="PASS" signature="applogin()[pri:1, instance:com.Demo_TradesandGiveups@7c16905e]" name="applogin" duration-ms="24408" started-at="2018-07-06T10:30:03Z" description="Performing login action" finished-at="2018-07-06T10:30:28Z">
          <reporter-output>
          </reporter-output>
        </test-method> <!-- applogin -->
        <test-method status="PASS" signature="tearDown(org.testng.ITestResult)[pri:0, instance:com.Demo_TradesandGiveups@7c16905e]" name="tearDown" is-config="true" duration-ms="1" started-at="2018-07-06T10:30:28Z" finished-at="2018-07-06T10:30:28Z">
          <params>
            <param index="0">
              <value>
                <![CDATA[[TestResult name=applogin status=SUCCESS method=Demo_TradesandGiveups.applogin()[pri:1, instance:com.Demo_TradesandGiveups@7c16905e] output={null}]]]>
              </value>
            </param>
          </params>
          <reporter-output>
          </reporter-output>
        </test-method> <!-- tearDown -->
        <test-method status="PASS" signature="changePasswordaction()[pri:2, instance:com.Demo_TradesandGiveups@7c16905e]" name="changePasswordaction" duration-ms="17994" started-at="2018-07-06T10:30:28Z" description="Performing Change Password action" finished-at="2018-07-06T10:30:46Z">
          <reporter-output>
          </reporter-output>
        </test-method> <!-- changePasswordaction -->
        <test-method status="PASS" signature="tearDown(org.testng.ITestResult)[pri:0, instance:com.Demo_TradesandGiveups@7c16905e]" name="tearDown" is-config="true" duration-ms="1" started-at="2018-07-06T10:30:46Z" finished-at="2018-07-06T10:30:46Z">
          <params>
            <param index="0">
              <value>
                <![CDATA[[TestResult name=changePasswordaction status=SUCCESS method=Demo_TradesandGiveups.changePasswordaction()[pri:2, instance:com.Demo_TradesandGiveups@7c16905e] output={null}]]]>
              </value>
            </param>
          </params>
          <reporter-output>
          </reporter-output>
        </test-method> <!-- tearDown -->
        <test-method status="PASS" signature="addNewTab()[pri:3, instance:com.Demo_TradesandGiveups@7c16905e]" name="addNewTab" duration-ms="16994" started-at="2018-07-06T10:30:46Z" description="Adding new tab action" finished-at="2018-07-06T10:31:03Z">
          <reporter-output>
          </reporter-output>
        </test-method> <!-- addNewTab -->
        <test-method status="PASS" signature="tearDown(org.testng.ITestResult)[pri:0, instance:com.Demo_TradesandGiveups@7c16905e]" name="tearDown" is-config="true" duration-ms="0" started-at="2018-07-06T10:31:03Z" finished-at="2018-07-06T10:31:03Z">
          <params>
            <param index="0">
              <value>
                <![CDATA[[TestResult name=addNewTab status=SUCCESS method=Demo_TradesandGiveups.addNewTab()[pri:3, instance:com.Demo_TradesandGiveups@7c16905e] output={null}]]]>
              </value>
            </param>
          </params>
          <reporter-output>
          </reporter-output>
        </test-method> <!-- tearDown -->
        <test-method status="PASS" signature="deleteExistingTab()[pri:4, instance:com.Demo_TradesandGiveups@7c16905e]" name="deleteExistingTab" duration-ms="11523" started-at="2018-07-06T10:31:03Z" description="Deleting existing tab action" finished-at="2018-07-06T10:31:14Z">
          <reporter-output>
          </reporter-output>
        </test-method> <!-- deleteExistingTab -->
        <test-method status="PASS" signature="tearDown(org.testng.ITestResult)[pri:0, instance:com.Demo_TradesandGiveups@7c16905e]" name="tearDown" is-config="true" duration-ms="0" started-at="2018-07-06T10:31:14Z" finished-at="2018-07-06T10:31:14Z">
          <params>
            <param index="0">
              <value>
                <![CDATA[[TestResult name=deleteExistingTab status=SUCCESS method=Demo_TradesandGiveups.deleteExistingTab()[pri:4, instance:com.Demo_TradesandGiveups@7c16905e] output={null}]]]>
              </value>
            </param>
          </params>
          <reporter-output>
          </reporter-output>
        </test-method> <!-- tearDown -->
        <test-method status="PASS" signature="uploadCCPTrade()[pri:5, instance:com.Demo_TradesandGiveups@7c16905e]" name="uploadCCPTrade" duration-ms="30453" started-at="2018-07-06T10:31:14Z" description="Performing Trade upload action in CCP Trades panel" finished-at="2018-07-06T10:31:45Z">
          <reporter-output>
          </reporter-output>
        </test-method> <!-- uploadCCPTrade -->
        <test-method status="PASS" signature="tearDown(org.testng.ITestResult)[pri:0, instance:com.Demo_TradesandGiveups@7c16905e]" name="tearDown" is-config="true" duration-ms="0" started-at="2018-07-06T10:31:45Z" finished-at="2018-07-06T10:31:45Z">
          <params>
            <param index="0">
              <value>
                <![CDATA[[TestResult name=uploadCCPTrade status=SUCCESS method=Demo_TradesandGiveups.uploadCCPTrade()[pri:5, instance:com.Demo_TradesandGiveups@7c16905e] output={null}]]]>
              </value>
            </param>
          </params>
          <reporter-output>
          </reporter-output>
        </test-method> <!-- tearDown -->
        <test-method status="PASS" signature="acceptAction()[pri:6, instance:com.Demo_TradesandGiveups@7c16905e]" name="acceptAction" duration-ms="21518" started-at="2018-07-06T10:31:45Z" description="Performing Accept action in CCP Trades panel" finished-at="2018-07-06T10:32:06Z">
          <reporter-output>
          </reporter-output>
        </test-method> <!-- acceptAction -->
        <test-method status="PASS" signature="tearDown(org.testng.ITestResult)[pri:0, instance:com.Demo_TradesandGiveups@7c16905e]" name="tearDown" is-config="true" duration-ms="0" started-at="2018-07-06T10:32:06Z" finished-at="2018-07-06T10:32:06Z">
          <params>
            <param index="0">
              <value>
                <![CDATA[[TestResult name=acceptAction status=SUCCESS method=Demo_TradesandGiveups.acceptAction()[pri:6, instance:com.Demo_TradesandGiveups@7c16905e] output={null}]]]>
              </value>
            </param>
          </params>
          <reporter-output>
          </reporter-output>
        </test-method> <!-- tearDown -->
        <test-method status="PASS" signature="giveupAction()[pri:7, instance:com.Demo_TradesandGiveups@7c16905e]" name="giveupAction" duration-ms="43458" started-at="2018-07-06T10:32:06Z" description="Performing Giveup Action in CCP Trades panel" finished-at="2018-07-06T10:32:49Z">
          <reporter-output>
          </reporter-output>
        </test-method> <!-- giveupAction -->
        <test-method status="PASS" signature="tearDown(org.testng.ITestResult)[pri:0, instance:com.Demo_TradesandGiveups@7c16905e]" name="tearDown" is-config="true" duration-ms="0" started-at="2018-07-06T10:32:49Z" finished-at="2018-07-06T10:32:49Z">
          <params>
            <param index="0">
              <value>
                <![CDATA[[TestResult name=giveupAction status=SUCCESS method=Demo_TradesandGiveups.giveupAction()[pri:7, instance:com.Demo_TradesandGiveups@7c16905e] output={null}]]]>
              </value>
            </param>
          </params>
          <reporter-output>
          </reporter-output>
        </test-method> <!-- tearDown -->
        <test-method status="PASS" signature="cancelAction()[pri:8, instance:com.Demo_TradesandGiveups@7c16905e]" name="cancelAction" duration-ms="13840" started-at="2018-07-06T10:32:49Z" description="Performing Cancel Action in CCP Trades panel" finished-at="2018-07-06T10:33:03Z">
          <reporter-output>
          </reporter-output>
        </test-method> <!-- cancelAction -->
        <test-method status="PASS" signature="tearDown(org.testng.ITestResult)[pri:0, instance:com.Demo_TradesandGiveups@7c16905e]" name="tearDown" is-config="true" duration-ms="0" started-at="2018-07-06T10:33:03Z" finished-at="2018-07-06T10:33:03Z">
          <params>
            <param index="0">
              <value>
                <![CDATA[[TestResult name=cancelAction status=SUCCESS method=Demo_TradesandGiveups.cancelAction()[pri:8, instance:com.Demo_TradesandGiveups@7c16905e] output={null}]]]>
              </value>
            </param>
          </params>
          <reporter-output>
          </reporter-output>
        </test-method> <!-- tearDown -->
        <test-method status="FAIL" signature="tradeAmand()[pri:9, instance:com.Demo_TradesandGiveups@7c16905e]" name="tradeAmand" duration-ms="36859" started-at="2018-07-06T10:33:03Z" description="Performing Trade Amend action in CCP Trades panel" finished-at="2018-07-06T10:33:40Z">
          <exception class="org.openqa.selenium.NoSuchElementException">
            <message>
              <![CDATA[no such element: Unable to locate element: {"method":"xpath","selector":"//div[@id='tradePanel-body']/div[1]/div[2]/div[1]/div[3]/table[1]//td[3]/div"}
  (Session info: chrome=67.0.3396.99)
  (Driver info: chromedriver=2.36.540470 (e522d04694c7ebea4ba8821272dbef4f9b818c91),platform=Windows NT 6.1.7601 SP1 x86_64) (WARNING: The server did not provide any stacktrace information)
Command duration or timeout: 0 milliseconds
For documentation on this error, please visit: http://seleniumhq.org/exceptions/no_such_element.html
Build info: version: '3.8.1', revision: '6e95a6684b', time: '2017-12-01T19:05:32.194Z'
System info: host: 'SYSVINEL036', ip: '172.30.30.36', os.name: 'Windows 7', os.arch: 'amd64', os.version: '6.1', java.version: '1.8.0_144'
Driver info: org.openqa.selenium.chrome.ChromeDriver
Capabilities {acceptInsecureCerts: false, acceptSslCerts: false, applicationCacheEnabled: false, browserConnectionEnabled: false, browserName: chrome, chrome: {chromedriverVersion: 2.36.540470 (e522d04694c7eb..., userDataDir: C:\Users\alex_raj\AppData\L...}, cssSelectorsEnabled: true, databaseEnabled: false, handlesAlerts: true, hasTouchScreen: false, javascriptEnabled: true, locationContextEnabled: true, mobileEmulationEnabled: false, nativeEvents: true, networkConnectionEnabled: false, pageLoadStrategy: normal, platform: XP, platformName: XP, rotatable: false, setWindowRect: true, takesHeapSnapshot: true, takesScreenshot: true, unexpectedAlertBehaviour: , unhandledPromptBehavior: , version: 67.0.3396.99, webStorageEnabled: true}
Session ID: 1f1a17cb90d87f71a15a291d25c8830c
*** Element info: {Using=xpath, value=//div[@id='tradePanel-body']/div[1]/div[2]/div[1]/div[3]/table[1]//td[3]/div}]]>
            </message>
            <full-stacktrace>
              <![CDATA[org.openqa.selenium.NoSuchElementException: no such element: Unable to locate element: {"method":"xpath","selector":"//div[@id='tradePanel-body']/div[1]/div[2]/div[1]/div[3]/table[1]//td[3]/div"}
  (Session info: chrome=67.0.3396.99)
  (Driver info: chromedriver=2.36.540470 (e522d04694c7ebea4ba8821272dbef4f9b818c91),platform=Windows NT 6.1.7601 SP1 x86_64) (WARNING: The server did not provide any stacktrace information)
Command duration or timeout: 0 milliseconds
For documentation on this error, please visit: http://seleniumhq.org/exceptions/no_such_element.html
Build info: version: '3.8.1', revision: '6e95a6684b', time: '2017-12-01T19:05:32.194Z'
System info: host: 'SYSVINEL036', ip: '172.30.30.36', os.name: 'Windows 7', os.arch: 'amd64', os.version: '6.1', java.version: '1.8.0_144'
Driver info: org.openqa.selenium.chrome.ChromeDriver
Capabilities {acceptInsecureCerts: false, acceptSslCerts: false, applicationCacheEnabled: false, browserConnectionEnabled: false, browserName: chrome, chrome: {chromedriverVersion: 2.36.540470 (e522d04694c7eb..., userDataDir: C:\Users\alex_raj\AppData\L...}, cssSelectorsEnabled: true, databaseEnabled: false, handlesAlerts: true, hasTouchScreen: false, javascriptEnabled: true, locationContextEnabled: true, mobileEmulationEnabled: false, nativeEvents: true, networkConnectionEnabled: false, pageLoadStrategy: normal, platform: XP, platformName: XP, rotatable: false, setWindowRect: true, takesHeapSnapshot: true, takesScreenshot: true, unexpectedAlertBehaviour: , unhandledPromptBehavior: , version: 67.0.3396.99, webStorageEnabled: true}
Session ID: 1f1a17cb90d87f71a15a291d25c8830c
*** Element info: {Using=xpath, value=//div[@id='tradePanel-body']/div[1]/div[2]/div[1]/div[3]/table[1]//td[3]/div}
	at sun.reflect.NativeConstructorAccessorImpl.newInstance0(Native Method)
	at sun.reflect.NativeConstructorAccessorImpl.newInstance(NativeConstructorAccessorImpl.java:62)
	at sun.reflect.DelegatingConstructorAccessorImpl.newInstance(DelegatingConstructorAccessorImpl.java:45)
	at java.lang.reflect.Constructor.newInstance(Constructor.java:423)
	at org.openqa.selenium.remote.ErrorHandler.createThrowable(ErrorHandler.java:214)
	at org.openqa.selenium.remote.ErrorHandler.throwIfResponseFailed(ErrorHandler.java:166)
	at org.openqa.selenium.remote.http.JsonHttpResponseCodec.reconstructValue(JsonHttpResponseCodec.java:40)
	at org.openqa.selenium.remote.http.AbstractHttpResponseCodec.decode(AbstractHttpResponseCodec.java:80)
	at org.openqa.selenium.remote.http.AbstractHttpResponseCodec.decode(AbstractHttpResponseCodec.java:44)
	at org.openqa.selenium.remote.HttpCommandExecutor.execute(HttpCommandExecutor.java:164)
	at org.openqa.selenium.remote.service.DriverCommandExecutor.execute(DriverCommandExecutor.java:83)
	at org.openqa.selenium.remote.RemoteWebDriver.execute(RemoteWebDriver.java:601)
	at org.openqa.selenium.remote.RemoteWebDriver.findElement(RemoteWebDriver.java:371)
	at org.openqa.selenium.remote.RemoteWebDriver.findElementByXPath(RemoteWebDriver.java:473)
	at org.openqa.selenium.By$ByXPath.findElement(By.java:361)
	at org.openqa.selenium.remote.RemoteWebDriver.findElement(RemoteWebDriver.java:363)
	at com.Mainclass.xpath(Mainclass.java:135)
	at com.Demo_TradesandGiveups.tradeAmand(Demo_TradesandGiveups.java:506)
	at sun.reflect.NativeMethodAccessorImpl.invoke0(Native Method)
	at sun.reflect.NativeMethodAccessorImpl.invoke(NativeMethodAccessorImpl.java:62)
	at sun.reflect.DelegatingMethodAccessorImpl.invoke(DelegatingMethodAccessorImpl.java:43)
	at java.lang.reflect.Method.invoke(Method.java:498)
	at org.testng.internal.MethodInvocationHelper.invokeMethod(MethodInvocationHelper.java:85)
	at org.testng.internal.Invoker.invokeMethod(Invoker.java:639)
	at org.testng.internal.Invoker.invokeTestMethod(Invoker.java:816)
	at org.testng.internal.Invoker.invokeTestMethods(Invoker.java:1124)
	at org.testng.internal.TestMethodWorker.invokeTestMethods(TestMethodWorker.java:125)
	at org.testng.internal.TestMethodWorker.run(TestMethodWorker.java:108)
	at org.testng.TestRunner.privateRun(TestRunner.java:774)
	at org.testng.TestRunner.run(TestRunner.java:624)
	at org.testng.SuiteRunner.runTest(SuiteRunner.java:359)
	at org.testng.SuiteRunner.runSequentially(SuiteRunner.java:354)
	at org.testng.SuiteRunner.privateRun(SuiteRunner.java:312)
	at org.testng.SuiteRunner.run(SuiteRunner.java:261)
	at org.testng.SuiteRunnerWorker.runSuite(SuiteRunnerWorker.java:52)
	at org.testng.SuiteRunnerWorker.run(SuiteRunnerWorker.java:86)
	at org.testng.TestNG.runSuitesSequentially(TestNG.java:1215)
	at org.testng.TestNG.runSuitesLocally(TestNG.java:1140)
	at org.testng.TestNG.run(TestNG.java:1048)
	at org.testng.remote.AbstractRemoteTestNG.run(AbstractRemoteTestNG.java:126)
	at org.testng.remote.RemoteTestNG.initAndRun(RemoteTestNG.java:152)
	at org.testng.remote.RemoteTestNG.main(RemoteTestNG.java:57)
]]>
            </full-stacktrace>
          </exception> <!-- org.openqa.selenium.NoSuchElementException -->
          <reporter-output>
          </reporter-output>
        </test-method> <!-- tradeAmand -->
        <test-method status="PASS" signature="tearDown(org.testng.ITestResult)[pri:0, instance:com.Demo_TradesandGiveups@7c16905e]" name="tearDown" is-config="true" duration-ms="409" started-at="2018-07-06T10:33:40Z" finished-at="2018-07-06T10:33:41Z">
          <params>
            <param index="0">
              <value>
                <![CDATA[[TestResult name=tradeAmand status=FAILURE method=Demo_TradesandGiveups.tradeAmand()[pri:9, instance:com.Demo_TradesandGiveups@7c16905e] output={null}]]]>
              </value>
            </param>
          </params>
          <reporter-output>
          </reporter-output>
        </test-method> <!-- tearDown -->
        <test-method status="FAIL" signature="tradeSplitaction()[pri:10, instance:com.Demo_TradesandGiveups@7c16905e]" name="tradeSplitaction" duration-ms="138" started-at="2018-07-06T10:33:41Z" description="Performing Trade Split action in CCP Trades panel" finished-at="2018-07-06T10:33:41Z">
          <exception class="org.openqa.selenium.WebDriverException">
            <message>
              <![CDATA[unknown error: Element <div class="ux-desktop-shortcut x-item-selected" id="Trades &amp; Giveups-shortcut" role="option" tabindex="-1" data-recordindex="1" data-recordid="318" data-boundview="dataview-1802" aria-selected="true">...</div> is not clickable at point (48, 180). Other element would receive the click: <div class="x-grid-view x-grid-with-col-lines x-grid-with-row-lines x-fit-item x-grid-view-default x-unselectable" role="rowgroup" id="tableview-3675" tabindex="0" data-componentid="tableview-3675" style="overflow: auto; margin: 0px; width: 1362px; height: 175px;">...</div>
  (Session info: chrome=67.0.3396.99)
  (Driver info: chromedriver=2.36.540470 (e522d04694c7ebea4ba8821272dbef4f9b818c91),platform=Windows NT 6.1.7601 SP1 x86_64) (WARNING: The server did not provide any stacktrace information)
Command duration or timeout: 0 milliseconds
Build info: version: '3.8.1', revision: '6e95a6684b', time: '2017-12-01T19:05:32.194Z'
System info: host: 'SYSVINEL036', ip: '172.30.30.36', os.name: 'Windows 7', os.arch: 'amd64', os.version: '6.1', java.version: '1.8.0_144'
Driver info: org.openqa.selenium.chrome.ChromeDriver
Capabilities {acceptInsecureCerts: false, acceptSslCerts: false, applicationCacheEnabled: false, browserConnectionEnabled: false, browserName: chrome, chrome: {chromedriverVersion: 2.36.540470 (e522d04694c7eb..., userDataDir: C:\Users\alex_raj\AppData\L...}, cssSelectorsEnabled: true, databaseEnabled: false, handlesAlerts: true, hasTouchScreen: false, javascriptEnabled: true, locationContextEnabled: true, mobileEmulationEnabled: false, nativeEvents: true, networkConnectionEnabled: false, pageLoadStrategy: normal, platform: XP, platformName: XP, rotatable: false, setWindowRect: true, takesHeapSnapshot: true, takesScreenshot: true, unexpectedAlertBehaviour: , unhandledPromptBehavior: , version: 67.0.3396.99, webStorageEnabled: true}
Session ID: 1f1a17cb90d87f71a15a291d25c8830c]]>
            </message>
            <full-stacktrace>
              <![CDATA[org.openqa.selenium.WebDriverException: unknown error: Element <div class="ux-desktop-shortcut x-item-selected" id="Trades &amp; Giveups-shortcut" role="option" tabindex="-1" data-recordindex="1" data-recordid="318" data-boundview="dataview-1802" aria-selected="true">...</div> is not clickable at point (48, 180). Other element would receive the click: <div class="x-grid-view x-grid-with-col-lines x-grid-with-row-lines x-fit-item x-grid-view-default x-unselectable" role="rowgroup" id="tableview-3675" tabindex="0" data-componentid="tableview-3675" style="overflow: auto; margin: 0px; width: 1362px; height: 175px;">...</div>
  (Session info: chrome=67.0.3396.99)
  (Driver info: chromedriver=2.36.540470 (e522d04694c7ebea4ba8821272dbef4f9b818c91),platform=Windows NT 6.1.7601 SP1 x86_64) (WARNING: The server did not provide any stacktrace information)
Command duration or timeout: 0 milliseconds
Build info: version: '3.8.1', revision: '6e95a6684b', time: '2017-12-01T19:05:32.194Z'
System info: host: 'SYSVINEL036', ip: '172.30.30.36', os.name: 'Windows 7', os.arch: 'amd64', os.version: '6.1', java.version: '1.8.0_144'
Driver info: org.openqa.selenium.chrome.ChromeDriver
Capabilities {acceptInsecureCerts: false, acceptSslCerts: false, applicationCacheEnabled: false, browserConnectionEnabled: false, browserName: chrome, chrome: {chromedriverVersion: 2.36.540470 (e522d04694c7eb..., userDataDir: C:\Users\alex_raj\AppData\L...}, cssSelectorsEnabled: true, databaseEnabled: false, handlesAlerts: true, hasTouchScreen: false, javascriptEnabled: true, locationContextEnabled: true, mobileEmulationEnabled: false, nativeEvents: true, networkConnectionEnabled: false, pageLoadStrategy: normal, platform: XP, platformName: XP, rotatable: false, setWindowRect: true, takesHeapSnapshot: true, takesScreenshot: true, unexpectedAlertBehaviour: , unhandledPromptBehavior: , version: 67.0.3396.99, webStorageEnabled: true}
Session ID: 1f1a17cb90d87f71a15a291d25c8830c
	at sun.reflect.NativeConstructorAccessorImpl.newInstance0(Native Method)
	at sun.reflect.NativeConstructorAccessorImpl.newInstance(NativeConstructorAccessorImpl.java:62)
	at sun.reflect.DelegatingConstructorAccessorImpl.newInstance(DelegatingConstructorAccessorImpl.java:45)
	at java.lang.reflect.Constructor.newInstance(Constructor.java:423)
	at org.openqa.selenium.remote.ErrorHandler.createThrowable(ErrorHandler.java:214)
	at org.openqa.selenium.remote.ErrorHandler.throwIfResponseFailed(ErrorHandler.java:166)
	at org.openqa.selenium.remote.http.JsonHttpResponseCodec.reconstructValue(JsonHttpResponseCodec.java:40)
	at org.openqa.selenium.remote.http.AbstractHttpResponseCodec.decode(AbstractHttpResponseCodec.java:80)
	at org.openqa.selenium.remote.http.AbstractHttpResponseCodec.decode(AbstractHttpResponseCodec.java:44)
	at org.openqa.selenium.remote.HttpCommandExecutor.execute(HttpCommandExecutor.java:164)
	at org.openqa.selenium.remote.service.DriverCommandExecutor.execute(DriverCommandExecutor.java:83)
	at org.openqa.selenium.remote.RemoteWebDriver.execute(RemoteWebDriver.java:601)
	at org.openqa.selenium.remote.RemoteWebElement.execute(RemoteWebElement.java:279)
	at org.openqa.selenium.remote.RemoteWebElement.click(RemoteWebElement.java:83)
	at com.Mainclass.openTradesandGiveups(Mainclass.java:272)
	at com.Demo_TradesandGiveups.tradeSplitaction(Demo_TradesandGiveups.java:564)
	at sun.reflect.NativeMethodAccessorImpl.invoke0(Native Method)
	at sun.reflect.NativeMethodAccessorImpl.invoke(NativeMethodAccessorImpl.java:62)
	at sun.reflect.DelegatingMethodAccessorImpl.invoke(DelegatingMethodAccessorImpl.java:43)
	at java.lang.reflect.Method.invoke(Method.java:498)
	at org.testng.internal.MethodInvocationHelper.invokeMethod(MethodInvocationHelper.java:85)
	at org.testng.internal.Invoker.invokeMethod(Invoker.java:639)
	at org.testng.internal.Invoker.invokeTestMethod(Invoker.java:816)
	at org.testng.internal.Invoker.invokeTestMethods(Invoker.java:1124)
	at org.testng.internal.TestMethodWorker.invokeTestMethods(TestMethodWorker.java:125)
	at org.testng.internal.TestMethodWorker.run(TestMethodWorker.java:108)
	at org.testng.TestRunner.privateRun(TestRunner.java:774)
	at org.testng.TestRunner.run(TestRunner.java:624)
	at org.testng.SuiteRunner.runTest(SuiteRunner.java:359)
	at org.testng.SuiteRunner.runSequentially(SuiteRunner.java:354)
	at org.testng.SuiteRunner.privateRun(SuiteRunner.java:312)
	at org.testng.SuiteRunner.run(SuiteRunner.java:261)
	at org.testng.SuiteRunnerWorker.runSuite(SuiteRunnerWorker.java:52)
	at org.testng.SuiteRunnerWorker.run(SuiteRunnerWorker.java:86)
	at org.testng.TestNG.runSuitesSequentially(TestNG.java:1215)
	at org.testng.TestNG.runSuitesLocally(TestNG.java:1140)
	at org.testng.TestNG.run(TestNG.java:1048)
	at org.testng.remote.AbstractRemoteTestNG.run(AbstractRemoteTestNG.java:126)
	at org.testng.remote.RemoteTestNG.initAndRun(RemoteTestNG.java:152)
	at org.testng.remote.RemoteTestNG.main(RemoteTestNG.java:57)
]]>
            </full-stacktrace>
          </exception> <!-- org.openqa.selenium.WebDriverException -->
          <reporter-output>
          </reporter-output>
        </test-method> <!-- tradeSplitaction -->
        <test-method status="PASS" signature="tearDown(org.testng.ITestResult)[pri:0, instance:com.Demo_TradesandGiveups@7c16905e]" name="tearDown" is-config="true" duration-ms="284" started-at="2018-07-06T10:33:41Z" finished-at="2018-07-06T10:33:41Z">
          <params>
            <param index="0">
              <value>
                <![CDATA[[TestResult name=tradeSplitaction status=FAILURE method=Demo_TradesandGiveups.tradeSplitaction()[pri:10, instance:com.Demo_TradesandGiveups@7c16905e] output={null}]]]>
              </value>
            </param>
          </params>
          <reporter-output>
          </reporter-output>
        </test-method> <!-- tearDown -->
        <test-method status="FAIL" signature="openorcloseAction()[pri:11, instance:com.Demo_TradesandGiveups@7c16905e]" name="openorcloseAction" duration-ms="76" started-at="2018-07-06T10:33:41Z" description="Performing Open or Close action in CCP Trades panel" finished-at="2018-07-06T10:33:41Z">
          <exception class="org.openqa.selenium.WebDriverException">
            <message>
              <![CDATA[unknown error: Element <div class="ux-desktop-shortcut x-item-selected" id="Trades &amp; Giveups-shortcut" role="option" tabindex="-1" data-recordindex="1" data-recordid="318" data-boundview="dataview-1802" aria-selected="true">...</div> is not clickable at point (48, 180). Other element would receive the click: <div class="x-grid-view x-grid-with-col-lines x-grid-with-row-lines x-fit-item x-grid-view-default x-unselectable" role="rowgroup" id="tableview-3675" tabindex="0" data-componentid="tableview-3675" style="overflow: auto; margin: 0px; width: 1362px; height: 175px;">...</div>
  (Session info: chrome=67.0.3396.99)
  (Driver info: chromedriver=2.36.540470 (e522d04694c7ebea4ba8821272dbef4f9b818c91),platform=Windows NT 6.1.7601 SP1 x86_64) (WARNING: The server did not provide any stacktrace information)
Command duration or timeout: 0 milliseconds
Build info: version: '3.8.1', revision: '6e95a6684b', time: '2017-12-01T19:05:32.194Z'
System info: host: 'SYSVINEL036', ip: '172.30.30.36', os.name: 'Windows 7', os.arch: 'amd64', os.version: '6.1', java.version: '1.8.0_144'
Driver info: org.openqa.selenium.chrome.ChromeDriver
Capabilities {acceptInsecureCerts: false, acceptSslCerts: false, applicationCacheEnabled: false, browserConnectionEnabled: false, browserName: chrome, chrome: {chromedriverVersion: 2.36.540470 (e522d04694c7eb..., userDataDir: C:\Users\alex_raj\AppData\L...}, cssSelectorsEnabled: true, databaseEnabled: false, handlesAlerts: true, hasTouchScreen: false, javascriptEnabled: true, locationContextEnabled: true, mobileEmulationEnabled: false, nativeEvents: true, networkConnectionEnabled: false, pageLoadStrategy: normal, platform: XP, platformName: XP, rotatable: false, setWindowRect: true, takesHeapSnapshot: true, takesScreenshot: true, unexpectedAlertBehaviour: , unhandledPromptBehavior: , version: 67.0.3396.99, webStorageEnabled: true}
Session ID: 1f1a17cb90d87f71a15a291d25c8830c]]>
            </message>
            <full-stacktrace>
              <![CDATA[org.openqa.selenium.WebDriverException: unknown error: Element <div class="ux-desktop-shortcut x-item-selected" id="Trades &amp; Giveups-shortcut" role="option" tabindex="-1" data-recordindex="1" data-recordid="318" data-boundview="dataview-1802" aria-selected="true">...</div> is not clickable at point (48, 180). Other element would receive the click: <div class="x-grid-view x-grid-with-col-lines x-grid-with-row-lines x-fit-item x-grid-view-default x-unselectable" role="rowgroup" id="tableview-3675" tabindex="0" data-componentid="tableview-3675" style="overflow: auto; margin: 0px; width: 1362px; height: 175px;">...</div>
  (Session info: chrome=67.0.3396.99)
  (Driver info: chromedriver=2.36.540470 (e522d04694c7ebea4ba8821272dbef4f9b818c91),platform=Windows NT 6.1.7601 SP1 x86_64) (WARNING: The server did not provide any stacktrace information)
Command duration or timeout: 0 milliseconds
Build info: version: '3.8.1', revision: '6e95a6684b', time: '2017-12-01T19:05:32.194Z'
System info: host: 'SYSVINEL036', ip: '172.30.30.36', os.name: 'Windows 7', os.arch: 'amd64', os.version: '6.1', java.version: '1.8.0_144'
Driver info: org.openqa.selenium.chrome.ChromeDriver
Capabilities {acceptInsecureCerts: false, acceptSslCerts: false, applicationCacheEnabled: false, browserConnectionEnabled: false, browserName: chrome, chrome: {chromedriverVersion: 2.36.540470 (e522d04694c7eb..., userDataDir: C:\Users\alex_raj\AppData\L...}, cssSelectorsEnabled: true, databaseEnabled: false, handlesAlerts: true, hasTouchScreen: false, javascriptEnabled: true, locationContextEnabled: true, mobileEmulationEnabled: false, nativeEvents: true, networkConnectionEnabled: false, pageLoadStrategy: normal, platform: XP, platformName: XP, rotatable: false, setWindowRect: true, takesHeapSnapshot: true, takesScreenshot: true, unexpectedAlertBehaviour: , unhandledPromptBehavior: , version: 67.0.3396.99, webStorageEnabled: true}
Session ID: 1f1a17cb90d87f71a15a291d25c8830c
	at sun.reflect.NativeConstructorAccessorImpl.newInstance0(Native Method)
	at sun.reflect.NativeConstructorAccessorImpl.newInstance(NativeConstructorAccessorImpl.java:62)
	at sun.reflect.DelegatingConstructorAccessorImpl.newInstance(DelegatingConstructorAccessorImpl.java:45)
	at java.lang.reflect.Constructor.newInstance(Constructor.java:423)
	at org.openqa.selenium.remote.ErrorHandler.createThrowable(ErrorHandler.java:214)
	at org.openqa.selenium.remote.ErrorHandler.throwIfResponseFailed(ErrorHandler.java:166)
	at org.openqa.selenium.remote.http.JsonHttpResponseCodec.reconstructValue(JsonHttpResponseCodec.java:40)
	at org.openqa.selenium.remote.http.AbstractHttpResponseCodec.decode(AbstractHttpResponseCodec.java:80)
	at org.openqa.selenium.remote.http.AbstractHttpResponseCodec.decode(AbstractHttpResponseCodec.java:44)
	at org.openqa.selenium.remote.HttpCommandExecutor.execute(HttpCommandExecutor.java:164)
	at org.openqa.selenium.remote.service.DriverCommandExecutor.execute(DriverCommandExecutor.java:83)
	at org.openqa.selenium.remote.RemoteWebDriver.execute(RemoteWebDriver.java:601)
	at org.openqa.selenium.remote.RemoteWebElement.execute(RemoteWebElement.java:279)
	at org.openqa.selenium.remote.RemoteWebElement.click(RemoteWebElement.java:83)
	at com.Mainclass.openTradesandGiveups(Mainclass.java:272)
	at com.Demo_TradesandGiveups.openorcloseAction(Demo_TradesandGiveups.java:630)
	at sun.reflect.NativeMethodAccessorImpl.invoke0(Native Method)
	at sun.reflect.NativeMethodAccessorImpl.invoke(NativeMethodAccessorImpl.java:62)
	at sun.reflect.DelegatingMethodAccessorImpl.invoke(DelegatingMethodAccessorImpl.java:43)
	at java.lang.reflect.Method.invoke(Method.java:498)
	at org.testng.internal.MethodInvocationHelper.invokeMethod(MethodInvocationHelper.java:85)
	at org.testng.internal.Invoker.invokeMethod(Invoker.java:639)
	at org.testng.internal.Invoker.invokeTestMethod(Invoker.java:816)
	at org.testng.internal.Invoker.invokeTestMethods(Invoker.java:1124)
	at org.testng.internal.TestMethodWorker.invokeTestMethods(TestMethodWorker.java:125)
	at org.testng.internal.TestMethodWorker.run(TestMethodWorker.java:108)
	at org.testng.TestRunner.privateRun(TestRunner.java:774)
	at org.testng.TestRunner.run(TestRunner.java:624)
	at org.testng.SuiteRunner.runTest(SuiteRunner.java:359)
	at org.testng.SuiteRunner.runSequentially(SuiteRunner.java:354)
	at org.testng.SuiteRunner.privateRun(SuiteRunner.java:312)
	at org.testng.SuiteRunner.run(SuiteRunner.java:261)
	at org.testng.SuiteRunnerWorker.runSuite(SuiteRunnerWorker.java:52)
	at org.testng.SuiteRunnerWorker.run(SuiteRunnerWorker.java:86)
	at org.testng.TestNG.runSuitesSequentially(TestNG.java:1215)
	at org.testng.TestNG.runSuitesLocally(TestNG.java:1140)
	at org.testng.TestNG.run(TestNG.java:1048)
	at org.testng.remote.AbstractRemoteTestNG.run(AbstractRemoteTestNG.java:126)
	at org.testng.remote.RemoteTestNG.initAndRun(RemoteTestNG.java:152)
	at org.testng.remote.RemoteTestNG.main(RemoteTestNG.java:57)
]]>
            </full-stacktrace>
          </exception> <!-- org.openqa.selenium.WebDriverException -->
          <reporter-output>
          </reporter-output>
        </test-method> <!-- openorcloseAction -->
        <test-method status="PASS" signature="tearDown(org.testng.ITestResult)[pri:0, instance:com.Demo_TradesandGiveups@7c16905e]" name="tearDown" is-config="true" duration-ms="281" started-at="2018-07-06T10:33:41Z" finished-at="2018-07-06T10:33:41Z">
          <params>
            <param index="0">
              <value>
                <![CDATA[[TestResult name=openorcloseAction status=FAILURE method=Demo_TradesandGiveups.openorcloseAction()[pri:11, instance:com.Demo_TradesandGiveups@7c16905e] output={null}]]]>
              </value>
            </param>
          </params>
          <reporter-output>
          </reporter-output>
        </test-method> <!-- tearDown -->
        <test-method status="FAIL" signature="ccpTradeAutoMatch()[pri:12, instance:com.Demo_TradesandGiveups@7c16905e]" name="ccpTradeAutoMatch" duration-ms="128" started-at="2018-07-06T10:33:41Z" description="Performing Auto matching in CCP Trade panel" finished-at="2018-07-06T10:33:42Z">
          <exception class="org.openqa.selenium.WebDriverException">
            <message>
              <![CDATA[unknown error: Element <div class="ux-desktop-shortcut x-item-selected" id="Trades &amp; Giveups-shortcut" role="option" tabindex="-1" data-recordindex="1" data-recordid="318" data-boundview="dataview-1802" aria-selected="true">...</div> is not clickable at point (48, 180). Other element would receive the click: <div class="x-grid-view x-grid-with-col-lines x-grid-with-row-lines x-fit-item x-grid-view-default x-unselectable" role="rowgroup" id="tableview-3675" tabindex="0" data-componentid="tableview-3675" style="overflow: auto; margin: 0px; width: 1362px; height: 175px;">...</div>
  (Session info: chrome=67.0.3396.99)
  (Driver info: chromedriver=2.36.540470 (e522d04694c7ebea4ba8821272dbef4f9b818c91),platform=Windows NT 6.1.7601 SP1 x86_64) (WARNING: The server did not provide any stacktrace information)
Command duration or timeout: 0 milliseconds
Build info: version: '3.8.1', revision: '6e95a6684b', time: '2017-12-01T19:05:32.194Z'
System info: host: 'SYSVINEL036', ip: '172.30.30.36', os.name: 'Windows 7', os.arch: 'amd64', os.version: '6.1', java.version: '1.8.0_144'
Driver info: org.openqa.selenium.chrome.ChromeDriver
Capabilities {acceptInsecureCerts: false, acceptSslCerts: false, applicationCacheEnabled: false, browserConnectionEnabled: false, browserName: chrome, chrome: {chromedriverVersion: 2.36.540470 (e522d04694c7eb..., userDataDir: C:\Users\alex_raj\AppData\L...}, cssSelectorsEnabled: true, databaseEnabled: false, handlesAlerts: true, hasTouchScreen: false, javascriptEnabled: true, locationContextEnabled: true, mobileEmulationEnabled: false, nativeEvents: true, networkConnectionEnabled: false, pageLoadStrategy: normal, platform: XP, platformName: XP, rotatable: false, setWindowRect: true, takesHeapSnapshot: true, takesScreenshot: true, unexpectedAlertBehaviour: , unhandledPromptBehavior: , version: 67.0.3396.99, webStorageEnabled: true}
Session ID: 1f1a17cb90d87f71a15a291d25c8830c]]>
            </message>
            <full-stacktrace>
              <![CDATA[org.openqa.selenium.WebDriverException: unknown error: Element <div class="ux-desktop-shortcut x-item-selected" id="Trades &amp; Giveups-shortcut" role="option" tabindex="-1" data-recordindex="1" data-recordid="318" data-boundview="dataview-1802" aria-selected="true">...</div> is not clickable at point (48, 180). Other element would receive the click: <div class="x-grid-view x-grid-with-col-lines x-grid-with-row-lines x-fit-item x-grid-view-default x-unselectable" role="rowgroup" id="tableview-3675" tabindex="0" data-componentid="tableview-3675" style="overflow: auto; margin: 0px; width: 1362px; height: 175px;">...</div>
  (Session info: chrome=67.0.3396.99)
  (Driver info: chromedriver=2.36.540470 (e522d04694c7ebea4ba8821272dbef4f9b818c91),platform=Windows NT 6.1.7601 SP1 x86_64) (WARNING: The server did not provide any stacktrace information)
Command duration or timeout: 0 milliseconds
Build info: version: '3.8.1', revision: '6e95a6684b', time: '2017-12-01T19:05:32.194Z'
System info: host: 'SYSVINEL036', ip: '172.30.30.36', os.name: 'Windows 7', os.arch: 'amd64', os.version: '6.1', java.version: '1.8.0_144'
Driver info: org.openqa.selenium.chrome.ChromeDriver
Capabilities {acceptInsecureCerts: false, acceptSslCerts: false, applicationCacheEnabled: false, browserConnectionEnabled: false, browserName: chrome, chrome: {chromedriverVersion: 2.36.540470 (e522d04694c7eb..., userDataDir: C:\Users\alex_raj\AppData\L...}, cssSelectorsEnabled: true, databaseEnabled: false, handlesAlerts: true, hasTouchScreen: false, javascriptEnabled: true, locationContextEnabled: true, mobileEmulationEnabled: false, nativeEvents: true, networkConnectionEnabled: false, pageLoadStrategy: normal, platform: XP, platformName: XP, rotatable: false, setWindowRect: true, takesHeapSnapshot: true, takesScreenshot: true, unexpectedAlertBehaviour: , unhandledPromptBehavior: , version: 67.0.3396.99, webStorageEnabled: true}
Session ID: 1f1a17cb90d87f71a15a291d25c8830c
	at sun.reflect.NativeConstructorAccessorImpl.newInstance0(Native Method)
	at sun.reflect.NativeConstructorAccessorImpl.newInstance(NativeConstructorAccessorImpl.java:62)
	at sun.reflect.DelegatingConstructorAccessorImpl.newInstance(DelegatingConstructorAccessorImpl.java:45)
	at java.lang.reflect.Constructor.newInstance(Constructor.java:423)
	at org.openqa.selenium.remote.ErrorHandler.createThrowable(ErrorHandler.java:214)
	at org.openqa.selenium.remote.ErrorHandler.throwIfResponseFailed(ErrorHandler.java:166)
	at org.openqa.selenium.remote.http.JsonHttpResponseCodec.reconstructValue(JsonHttpResponseCodec.java:40)
	at org.openqa.selenium.remote.http.AbstractHttpResponseCodec.decode(AbstractHttpResponseCodec.java:80)
	at org.openqa.selenium.remote.http.AbstractHttpResponseCodec.decode(AbstractHttpResponseCodec.java:44)
	at org.openqa.selenium.remote.HttpCommandExecutor.execute(HttpCommandExecutor.java:164)
	at org.openqa.selenium.remote.service.DriverCommandExecutor.execute(DriverCommandExecutor.java:83)
	at org.openqa.selenium.remote.RemoteWebDriver.execute(RemoteWebDriver.java:601)
	at org.openqa.selenium.remote.RemoteWebElement.execute(RemoteWebElement.java:279)
	at org.openqa.selenium.remote.RemoteWebElement.click(RemoteWebElement.java:83)
	at com.Mainclass.openTradesandGiveups(Mainclass.java:272)
	at com.Demo_TradesandGiveups.ccpTradeAutoMatch(Demo_TradesandGiveups.java:737)
	at sun.reflect.NativeMethodAccessorImpl.invoke0(Native Method)
	at sun.reflect.NativeMethodAccessorImpl.invoke(NativeMethodAccessorImpl.java:62)
	at sun.reflect.DelegatingMethodAccessorImpl.invoke(DelegatingMethodAccessorImpl.java:43)
	at java.lang.reflect.Method.invoke(Method.java:498)
	at org.testng.internal.MethodInvocationHelper.invokeMethod(MethodInvocationHelper.java:85)
	at org.testng.internal.Invoker.invokeMethod(Invoker.java:639)
	at org.testng.internal.Invoker.invokeTestMethod(Invoker.java:816)
	at org.testng.internal.Invoker.invokeTestMethods(Invoker.java:1124)
	at org.testng.internal.TestMethodWorker.invokeTestMethods(TestMethodWorker.java:125)
	at org.testng.internal.TestMethodWorker.run(TestMethodWorker.java:108)
	at org.testng.TestRunner.privateRun(TestRunner.java:774)
	at org.testng.TestRunner.run(TestRunner.java:624)
	at org.testng.SuiteRunner.runTest(SuiteRunner.java:359)
	at org.testng.SuiteRunner.runSequentially(SuiteRunner.java:354)
	at org.testng.SuiteRunner.privateRun(SuiteRunner.java:312)
	at org.testng.SuiteRunner.run(SuiteRunner.java:261)
	at org.testng.SuiteRunnerWorker.runSuite(SuiteRunnerWorker.java:52)
	at org.testng.SuiteRunnerWorker.run(SuiteRunnerWorker.java:86)
	at org.testng.TestNG.runSuitesSequentially(TestNG.java:1215)
	at org.testng.TestNG.runSuitesLocally(TestNG.java:1140)
	at org.testng.TestNG.run(TestNG.java:1048)
	at org.testng.remote.AbstractRemoteTestNG.run(AbstractRemoteTestNG.java:126)
	at org.testng.remote.RemoteTestNG.initAndRun(RemoteTestNG.java:152)
	at org.testng.remote.RemoteTestNG.main(RemoteTestNG.java:57)
]]>
            </full-stacktrace>
          </exception> <!-- org.openqa.selenium.WebDriverException -->
          <reporter-output>
          </reporter-output>
        </test-method> <!-- ccpTradeAutoMatch -->
        <test-method status="PASS" signature="tearDown(org.testng.ITestResult)[pri:0, instance:com.Demo_TradesandGiveups@7c16905e]" name="tearDown" is-config="true" duration-ms="281" started-at="2018-07-06T10:33:42Z" finished-at="2018-07-06T10:33:42Z">
          <params>
            <param index="0">
              <value>
                <![CDATA[[TestResult name=ccpTradeAutoMatch status=FAILURE method=Demo_TradesandGiveups.ccpTradeAutoMatch()[pri:12, instance:com.Demo_TradesandGiveups@7c16905e] output={null}]]]>
              </value>
            </param>
          </params>
          <reporter-output>
          </reporter-output>
        </test-method> <!-- tearDown -->
      </class> <!-- com.Demo_TradesandGiveups -->
      <class name="com.Demo_Claims">
        <test-method status="PASS" signature="browser()[pri:0, instance:com.Demo_Claims@2a2d45ba]" name="browser" is-config="true" duration-ms="787" started-at="2018-07-06T10:29:58Z" finished-at="2018-07-06T10:29:59Z">
          <reporter-output>
          </reporter-output>
        </test-method> <!-- browser -->
        <test-method status="PASS" signature="browser()[pri:0, instance:com.Demo_TradesandGiveups@7c16905e]" name="browser" is-config="true" duration-ms="4036" started-at="2018-07-06T10:29:59Z" finished-at="2018-07-06T10:30:03Z">
          <reporter-output>
          </reporter-output>
        </test-method> <!-- browser -->
        <test-method status="PASS" signature="applogin()[pri:1, instance:com.Demo_Claims@2a2d45ba]" name="applogin" duration-ms="17227" started-at="2018-07-06T10:33:42Z" description="Performing login action" finished-at="2018-07-06T10:33:59Z">
          <reporter-output>
          </reporter-output>
        </test-method> <!-- applogin -->
        <test-method status="PASS" signature="tearDown(org.testng.ITestResult)[pri:0, instance:com.Demo_Claims@2a2d45ba]" name="tearDown" is-config="true" duration-ms="1" started-at="2018-07-06T10:33:59Z" finished-at="2018-07-06T10:33:59Z">
          <params>
            <param index="0">
              <value>
                <![CDATA[[TestResult name=applogin status=SUCCESS method=Demo_Claims.applogin()[pri:1, instance:com.Demo_Claims@2a2d45ba] output={null}]]]>
              </value>
            </param>
          </params>
          <reporter-output>
          </reporter-output>
        </test-method> <!-- tearDown -->
        <test-method status="PASS" signature="uploadClaimsTrade()[pri:2, instance:com.Demo_Claims@2a2d45ba]" name="uploadClaimsTrade" duration-ms="23716" started-at="2018-07-06T10:33:59Z" description="Performing trade upload action in Claims panel" finished-at="2018-07-06T10:34:23Z">
          <reporter-output>
          </reporter-output>
        </test-method> <!-- uploadClaimsTrade -->
        <test-method status="PASS" signature="tearDown(org.testng.ITestResult)[pri:0, instance:com.Demo_Claims@2a2d45ba]" name="tearDown" is-config="true" duration-ms="0" started-at="2018-07-06T10:34:23Z" finished-at="2018-07-06T10:34:23Z">
          <params>
            <param index="0">
              <value>
                <![CDATA[[TestResult name=uploadClaimsTrade status=SUCCESS method=Demo_Claims.uploadClaimsTrade()[pri:2, instance:com.Demo_Claims@2a2d45ba] output={null}]]]>
              </value>
            </param>
          </params>
          <reporter-output>
          </reporter-output>
        </test-method> <!-- tearDown -->
        <test-method status="PASS" signature="affirmAction()[pri:3, instance:com.Demo_Claims@2a2d45ba]" name="affirmAction" duration-ms="18903" started-at="2018-07-06T10:34:23Z" description="Performing Affirm action in Claims panel" finished-at="2018-07-06T10:34:42Z">
          <reporter-output>
          </reporter-output>
        </test-method> <!-- affirmAction -->
        <test-method status="PASS" signature="tearDown(org.testng.ITestResult)[pri:0, instance:com.Demo_Claims@2a2d45ba]" name="tearDown" is-config="true" duration-ms="1" started-at="2018-07-06T10:34:42Z" finished-at="2018-07-06T10:34:42Z">
          <params>
            <param index="0">
              <value>
                <![CDATA[[TestResult name=affirmAction status=SUCCESS method=Demo_Claims.affirmAction()[pri:3, instance:com.Demo_Claims@2a2d45ba] output={null}]]]>
              </value>
            </param>
          </params>
          <reporter-output>
          </reporter-output>
        </test-method> <!-- tearDown -->
        <test-method status="PASS" signature="rejectAction()[pri:4, instance:com.Demo_Claims@2a2d45ba]" name="rejectAction" duration-ms="17204" started-at="2018-07-06T10:34:42Z" description="Performing Reject action in Claims panel" finished-at="2018-07-06T10:34:59Z">
          <reporter-output>
          </reporter-output>
        </test-method> <!-- rejectAction -->
        <test-method status="PASS" signature="tearDown(org.testng.ITestResult)[pri:0, instance:com.Demo_Claims@2a2d45ba]" name="tearDown" is-config="true" duration-ms="1" started-at="2018-07-06T10:34:59Z" finished-at="2018-07-06T10:34:59Z">
          <params>
            <param index="0">
              <value>
                <![CDATA[[TestResult name=rejectAction status=SUCCESS method=Demo_Claims.rejectAction()[pri:4, instance:com.Demo_Claims@2a2d45ba] output={null}]]]>
              </value>
            </param>
          </params>
          <reporter-output>
          </reporter-output>
        </test-method> <!-- tearDown -->
        <test-method status="PASS" signature="allocateAction()[pri:5, instance:com.Demo_Claims@2a2d45ba]" name="allocateAction" duration-ms="51043" started-at="2018-07-06T10:34:59Z" description="Performing Allocate action in Claims panel" finished-at="2018-07-06T10:35:50Z">
          <reporter-output>
          </reporter-output>
        </test-method> <!-- allocateAction -->
        <test-method status="PASS" signature="tearDown(org.testng.ITestResult)[pri:0, instance:com.Demo_Claims@2a2d45ba]" name="tearDown" is-config="true" duration-ms="0" started-at="2018-07-06T10:35:50Z" finished-at="2018-07-06T10:35:50Z">
          <params>
            <param index="0">
              <value>
                <![CDATA[[TestResult name=allocateAction status=SUCCESS method=Demo_Claims.allocateAction()[pri:5, instance:com.Demo_Claims@2a2d45ba] output={null}]]]>
              </value>
            </param>
          </params>
          <reporter-output>
          </reporter-output>
        </test-method> <!-- tearDown -->
        <test-method status="FAIL" signature="clientAllocationAutoAllocation()[pri:6, instance:com.Demo_Claims@2a2d45ba]" name="clientAllocationAutoAllocation" duration-ms="17600" started-at="2018-07-06T10:35:50Z" description="Performing Auto matching action in Client Allocation panel" finished-at="2018-07-06T10:36:08Z">
          <exception class="org.openqa.selenium.WebDriverException">
            <message>
              <![CDATA[unknown error: Element <div id="tool-2845-toolEl" data-ref="toolEl" class="x-tool-img x-tool-close" role="presentation"></div> is not clickable at point (1350, 18). Other element would receive the click: <div role="presentation" class="x-mask x-border-box" style="height: 618px; width: 1366px; z-index: 19006; right: auto; left: 0px; top: 0px;" id="ext-element-14"></div>
  (Session info: chrome=67.0.3396.99)
  (Driver info: chromedriver=2.36.540470 (e522d04694c7ebea4ba8821272dbef4f9b818c91),platform=Windows NT 6.1.7601 SP1 x86_64) (WARNING: The server did not provide any stacktrace information)
Command duration or timeout: 0 milliseconds
Build info: version: '3.8.1', revision: '6e95a6684b', time: '2017-12-01T19:05:32.194Z'
System info: host: 'SYSVINEL036', ip: '172.30.30.36', os.name: 'Windows 7', os.arch: 'amd64', os.version: '6.1', java.version: '1.8.0_144'
Driver info: org.openqa.selenium.chrome.ChromeDriver
Capabilities {acceptInsecureCerts: false, acceptSslCerts: false, applicationCacheEnabled: false, browserConnectionEnabled: false, browserName: chrome, chrome: {chromedriverVersion: 2.36.540470 (e522d04694c7eb..., userDataDir: C:\Users\alex_raj\AppData\L...}, cssSelectorsEnabled: true, databaseEnabled: false, handlesAlerts: true, hasTouchScreen: false, javascriptEnabled: true, locationContextEnabled: true, mobileEmulationEnabled: false, nativeEvents: true, networkConnectionEnabled: false, pageLoadStrategy: normal, platform: XP, platformName: XP, rotatable: false, setWindowRect: true, takesHeapSnapshot: true, takesScreenshot: true, unexpectedAlertBehaviour: , unhandledPromptBehavior: , version: 67.0.3396.99, webStorageEnabled: true}
Session ID: 1f1a17cb90d87f71a15a291d25c8830c]]>
            </message>
            <full-stacktrace>
              <![CDATA[org.openqa.selenium.WebDriverException: unknown error: Element <div id="tool-2845-toolEl" data-ref="toolEl" class="x-tool-img x-tool-close" role="presentation"></div> is not clickable at point (1350, 18). Other element would receive the click: <div role="presentation" class="x-mask x-border-box" style="height: 618px; width: 1366px; z-index: 19006; right: auto; left: 0px; top: 0px;" id="ext-element-14"></div>
  (Session info: chrome=67.0.3396.99)
  (Driver info: chromedriver=2.36.540470 (e522d04694c7ebea4ba8821272dbef4f9b818c91),platform=Windows NT 6.1.7601 SP1 x86_64) (WARNING: The server did not provide any stacktrace information)
Command duration or timeout: 0 milliseconds
Build info: version: '3.8.1', revision: '6e95a6684b', time: '2017-12-01T19:05:32.194Z'
System info: host: 'SYSVINEL036', ip: '172.30.30.36', os.name: 'Windows 7', os.arch: 'amd64', os.version: '6.1', java.version: '1.8.0_144'
Driver info: org.openqa.selenium.chrome.ChromeDriver
Capabilities {acceptInsecureCerts: false, acceptSslCerts: false, applicationCacheEnabled: false, browserConnectionEnabled: false, browserName: chrome, chrome: {chromedriverVersion: 2.36.540470 (e522d04694c7eb..., userDataDir: C:\Users\alex_raj\AppData\L...}, cssSelectorsEnabled: true, databaseEnabled: false, handlesAlerts: true, hasTouchScreen: false, javascriptEnabled: true, locationContextEnabled: true, mobileEmulationEnabled: false, nativeEvents: true, networkConnectionEnabled: false, pageLoadStrategy: normal, platform: XP, platformName: XP, rotatable: false, setWindowRect: true, takesHeapSnapshot: true, takesScreenshot: true, unexpectedAlertBehaviour: , unhandledPromptBehavior: , version: 67.0.3396.99, webStorageEnabled: true}
Session ID: 1f1a17cb90d87f71a15a291d25c8830c
	at sun.reflect.NativeConstructorAccessorImpl.newInstance0(Native Method)
	at sun.reflect.NativeConstructorAccessorImpl.newInstance(NativeConstructorAccessorImpl.java:62)
	at sun.reflect.DelegatingConstructorAccessorImpl.newInstance(DelegatingConstructorAccessorImpl.java:45)
	at java.lang.reflect.Constructor.newInstance(Constructor.java:423)
	at org.openqa.selenium.remote.ErrorHandler.createThrowable(ErrorHandler.java:214)
	at org.openqa.selenium.remote.ErrorHandler.throwIfResponseFailed(ErrorHandler.java:166)
	at org.openqa.selenium.remote.http.JsonHttpResponseCodec.reconstructValue(JsonHttpResponseCodec.java:40)
	at org.openqa.selenium.remote.http.AbstractHttpResponseCodec.decode(AbstractHttpResponseCodec.java:80)
	at org.openqa.selenium.remote.http.AbstractHttpResponseCodec.decode(AbstractHttpResponseCodec.java:44)
	at org.openqa.selenium.remote.HttpCommandExecutor.execute(HttpCommandExecutor.java:164)
	at org.openqa.selenium.remote.service.DriverCommandExecutor.execute(DriverCommandExecutor.java:83)
	at org.openqa.selenium.remote.RemoteWebDriver.execute(RemoteWebDriver.java:601)
	at org.openqa.selenium.remote.RemoteWebElement.execute(RemoteWebElement.java:279)
	at org.openqa.selenium.remote.RemoteWebElement.click(RemoteWebElement.java:83)
	at com.Mainclass.closeClaims(Mainclass.java:326)
	at com.Demo_Claims.clientAllocationAutoAllocation(Demo_Claims.java:364)
	at sun.reflect.NativeMethodAccessorImpl.invoke0(Native Method)
	at sun.reflect.NativeMethodAccessorImpl.invoke(NativeMethodAccessorImpl.java:62)
	at sun.reflect.DelegatingMethodAccessorImpl.invoke(DelegatingMethodAccessorImpl.java:43)
	at java.lang.reflect.Method.invoke(Method.java:498)
	at org.testng.internal.MethodInvocationHelper.invokeMethod(MethodInvocationHelper.java:85)
	at org.testng.internal.Invoker.invokeMethod(Invoker.java:639)
	at org.testng.internal.Invoker.invokeTestMethod(Invoker.java:816)
	at org.testng.internal.Invoker.invokeTestMethods(Invoker.java:1124)
	at org.testng.internal.TestMethodWorker.invokeTestMethods(TestMethodWorker.java:125)
	at org.testng.internal.TestMethodWorker.run(TestMethodWorker.java:108)
	at org.testng.TestRunner.privateRun(TestRunner.java:774)
	at org.testng.TestRunner.run(TestRunner.java:624)
	at org.testng.SuiteRunner.runTest(SuiteRunner.java:359)
	at org.testng.SuiteRunner.runSequentially(SuiteRunner.java:354)
	at org.testng.SuiteRunner.privateRun(SuiteRunner.java:312)
	at org.testng.SuiteRunner.run(SuiteRunner.java:261)
	at org.testng.SuiteRunnerWorker.runSuite(SuiteRunnerWorker.java:52)
	at org.testng.SuiteRunnerWorker.run(SuiteRunnerWorker.java:86)
	at org.testng.TestNG.runSuitesSequentially(TestNG.java:1215)
	at org.testng.TestNG.runSuitesLocally(TestNG.java:1140)
	at org.testng.TestNG.run(TestNG.java:1048)
	at org.testng.remote.AbstractRemoteTestNG.run(AbstractRemoteTestNG.java:126)
	at org.testng.remote.RemoteTestNG.initAndRun(RemoteTestNG.java:152)
	at org.testng.remote.RemoteTestNG.main(RemoteTestNG.java:57)
]]>
            </full-stacktrace>
          </exception> <!-- org.openqa.selenium.WebDriverException -->
          <reporter-output>
          </reporter-output>
        </test-method> <!-- clientAllocationAutoAllocation -->
        <test-method status="PASS" signature="tearDown(org.testng.ITestResult)[pri:0, instance:com.Demo_Claims@2a2d45ba]" name="tearDown" is-config="true" duration-ms="286" started-at="2018-07-06T10:36:08Z" finished-at="2018-07-06T10:36:08Z">
          <params>
            <param index="0">
              <value>
                <![CDATA[[TestResult name=clientAllocationAutoAllocation status=FAILURE method=Demo_Claims.clientAllocationAutoAllocation()[pri:6, instance:com.Demo_Claims@2a2d45ba] output={null}]]]>
              </value>
            </param>
          </params>
          <reporter-output>
          </reporter-output>
        </test-method> <!-- tearDown -->
      </class> <!-- com.Demo_Claims -->
    </test> <!-- Clear Demo env Automation test scripts -->
  </suite> <!-- Clear Demo -->
</testng-results>
