<?xml version="1.0" encoding="UTF-8"?>
<!-- Generated by org.testng.reporters.JUnitXMLReporter -->
<testsuite hostname="SYSVINEL036" name="Clear Demo env Automation test scripts" tests="18" failures="5" timestamp="6 Jul 2018 05:06:08 GMT" time="369.497" errors="0">
  <testcase name="applogin" time="24.408" classname="com.Demo_TradesandGiveups"/>
  <testcase name="changePasswordaction" time="17.994" classname="com.Demo_TradesandGiveups"/>
  <testcase name="addNewTab" time="16.994" classname="com.Demo_TradesandGiveups"/>
  <testcase name="deleteExistingTab" time="11.523" classname="com.Demo_TradesandGiveups"/>
  <testcase name="uploadCCPTrade" time="30.453" classname="com.Demo_TradesandGiveups"/>
  <testcase name="acceptAction" time="21.518" classname="com.Demo_TradesandGiveups"/>
  <testcase name="giveupAction" time="43.458" classname="com.Demo_TradesandGiveups"/>
  <testcase name="cancelAction" time="13.84" classname="com.Demo_TradesandGiveups"/>
  <testcase name="tradeAmand" time="36.859" classname="com.Demo_TradesandGiveups">
    <failure type="org.openqa.selenium.NoSuchElementException" message="no such element: Unable to locate element: {&amp;quot;method&amp;quot;:&amp;quot;xpath&amp;quot;,&amp;quot;selector&amp;quot;:&amp;quot;//div[@id=&amp;apos;tradePanel-body&amp;apos;]/div[1]/div[2]/div[1]/div[3]/table[1]//td[3]/div&amp;quot;}
  (Session info: chrome=67.0.3396.99)
  (Driver info: chromedriver=2.36.540470 (e522d04694c7ebea4ba8821272dbef4f9b818c91),platform=Windows NT 6.1.7601 SP1 x86_64) (WARNING: The server did not provide any stacktrace information)
Command duration or timeout: 0 milliseconds
For documentation on this error, please visit: http://seleniumhq.org/exceptions/no_such_element.html
Build info: version: &amp;apos;3.8.1&amp;apos;, revision: &amp;apos;6e95a6684b&amp;apos;, time: &amp;apos;2017-12-01T19:05:32.194Z&amp;apos;
System info: host: &amp;apos;SYSVINEL036&amp;apos;, ip: &amp;apos;172.30.30.36&amp;apos;, os.name: &amp;apos;Windows 7&amp;apos;, os.arch: &amp;apos;amd64&amp;apos;, os.version: &amp;apos;6.1&amp;apos;, java.version: &amp;apos;1.8.0_144&amp;apos;
Driver info: org.openqa.selenium.chrome.ChromeDriver
Capabilities {acceptInsecureCerts: false, acceptSslCerts: false, applicationCacheEnabled: false, browserConnectionEnabled: false, browserName: chrome, chrome: {chromedriverVersion: 2.36.540470 (e522d04694c7eb..., userDataDir: C:\Users\alex_raj\AppData\L...}, cssSelectorsEnabled: true, databaseEnabled: false, handlesAlerts: true, hasTouchScreen: false, javascriptEnabled: true, locationContextEnabled: true, mobileEmulationEnabled: false, nativeEvents: true, networkConnectionEnabled: false, pageLoadStrategy: normal, platform: XP, platformName: XP, rotatable: false, setWindowRect: true, takesHeapSnapshot: true, takesScreenshot: true, unexpectedAlertBehaviour: , unhandledPromptBehavior: , version: 67.0.3396.99, webStorageEnabled: true}
Session ID: 1f1a17cb90d87f71a15a291d25c8830c
*** Element info: {Using=xpath, value=//div[@id=&amp;apos;tradePanel-body&amp;apos;]/div[1]/div[2]/div[1]/div[3]/table[1]//td[3]/div}">
      <![CDATA[org.openqa.selenium.NoSuchElementException: no such element: Unable to locate element: {"method":"xpath","selector":"//div[@id='tradePanel-body']/div[1]/div[2]/div[1]/div[3]/table[1]//td[3]/div"}
  (Session info: chrome=67.0.3396.99)
  (Driver info: chromedriver=2.36.540470 (e522d04694c7ebea4ba8821272dbef4f9b818c91),platform=Windows NT 6.1.7601 SP1 x86_64) (WARNING: The server did not provide any stacktrace information)
Command duration or timeout: 0 milliseconds
For documentation on this error, please visit: http://seleniumhq.org/exceptions/no_such_element.html
Build info: version: '3.8.1', revision: '6e95a6684b', time: '2017-12-01T19:05:32.194Z'
System info: host: 'SYSVINEL036', ip: '172.30.30.36', os.name: 'Windows 7', os.arch: 'amd64', os.version: '6.1', java.version: '1.8.0_144'
Driver info: org.openqa.selenium.chrome.ChromeDriver
Capabilities {acceptInsecureCerts: false, acceptSslCerts: false, applicationCacheEnabled: false, browserConnectionEnabled: false, browserName: chrome, chrome: {chromedriverVersion: 2.36.540470 (e522d04694c7eb..., userDataDir: C:\Users\alex_raj\AppData\L...}, cssSelectorsEnabled: true, databaseEnabled: false, handlesAlerts: true, hasTouchScreen: false, javascriptEnabled: true, locationContextEnabled: true, mobileEmulationEnabled: false, nativeEvents: true, networkConnectionEnabled: false, pageLoadStrategy: normal, platform: XP, platformName: XP, rotatable: false, setWindowRect: true, takesHeapSnapshot: true, takesScreenshot: true, unexpectedAlertBehaviour: , unhandledPromptBehavior: , version: 67.0.3396.99, webStorageEnabled: true}
Session ID: 1f1a17cb90d87f71a15a291d25c8830c
*** Element info: {Using=xpath, value=//div[@id='tradePanel-body']/div[1]/div[2]/div[1]/div[3]/table[1]//td[3]/div}
	at org.openqa.selenium.remote.ErrorHandler.createThrowable(ErrorHandler.java:214)
	at org.openqa.selenium.remote.ErrorHandler.throwIfResponseFailed(ErrorHandler.java:166)
	at org.openqa.selenium.remote.http.JsonHttpResponseCodec.reconstructValue(JsonHttpResponseCodec.java:40)
	at org.openqa.selenium.remote.http.AbstractHttpResponseCodec.decode(AbstractHttpResponseCodec.java:80)
	at org.openqa.selenium.remote.http.AbstractHttpResponseCodec.decode(AbstractHttpResponseCodec.java:44)
	at org.openqa.selenium.remote.HttpCommandExecutor.execute(HttpCommandExecutor.java:164)
	at org.openqa.selenium.remote.service.DriverCommandExecutor.execute(DriverCommandExecutor.java:83)
	at org.openqa.selenium.remote.RemoteWebDriver.execute(RemoteWebDriver.java:601)
	at org.openqa.selenium.remote.RemoteWebDriver.findElement(RemoteWebDriver.java:371)
	at org.openqa.selenium.remote.RemoteWebDriver.findElementByXPath(RemoteWebDriver.java:473)
	at org.openqa.selenium.By$ByXPath.findElement(By.java:361)
	at org.openqa.selenium.remote.RemoteWebDriver.findElement(RemoteWebDriver.java:363)
	at com.Mainclass.xpath(Mainclass.java:135)
	at com.Demo_TradesandGiveups.tradeAmand(Demo_TradesandGiveups.java:506)
... Removed 28 stack frames]]>
    </failure>
  </testcase> <!-- tradeAmand -->
  <testcase name="tradeSplitaction" time="0.138" classname="com.Demo_TradesandGiveups">
    <failure type="org.openqa.selenium.WebDriverException" message="unknown error: Element &amp;lt;div class=&amp;quot;ux-desktop-shortcut x-item-selected&amp;quot; id=&amp;quot;Trades &amp;amp;amp; Giveups-shortcut&amp;quot; role=&amp;quot;option&amp;quot; tabindex=&amp;quot;-1&amp;quot; data-recordindex=&amp;quot;1&amp;quot; data-recordid=&amp;quot;318&amp;quot; data-boundview=&amp;quot;dataview-1802&amp;quot; aria-selected=&amp;quot;true&amp;quot;&amp;gt;...&amp;lt;/div&amp;gt; is not clickable at point (48, 180). Other element would receive the click: &amp;lt;div class=&amp;quot;x-grid-view x-grid-with-col-lines x-grid-with-row-lines x-fit-item x-grid-view-default x-unselectable&amp;quot; role=&amp;quot;rowgroup&amp;quot; id=&amp;quot;tableview-3675&amp;quot; tabindex=&amp;quot;0&amp;quot; data-componentid=&amp;quot;tableview-3675&amp;quot; style=&amp;quot;overflow: auto; margin: 0px; width: 1362px; height: 175px;&amp;quot;&amp;gt;...&amp;lt;/div&amp;gt;
  (Session info: chrome=67.0.3396.99)
  (Driver info: chromedriver=2.36.540470 (e522d04694c7ebea4ba8821272dbef4f9b818c91),platform=Windows NT 6.1.7601 SP1 x86_64) (WARNING: The server did not provide any stacktrace information)
Command duration or timeout: 0 milliseconds
Build info: version: &amp;apos;3.8.1&amp;apos;, revision: &amp;apos;6e95a6684b&amp;apos;, time: &amp;apos;2017-12-01T19:05:32.194Z&amp;apos;
System info: host: &amp;apos;SYSVINEL036&amp;apos;, ip: &amp;apos;172.30.30.36&amp;apos;, os.name: &amp;apos;Windows 7&amp;apos;, os.arch: &amp;apos;amd64&amp;apos;, os.version: &amp;apos;6.1&amp;apos;, java.version: &amp;apos;1.8.0_144&amp;apos;
Driver info: org.openqa.selenium.chrome.ChromeDriver
Capabilities {acceptInsecureCerts: false, acceptSslCerts: false, applicationCacheEnabled: false, browserConnectionEnabled: false, browserName: chrome, chrome: {chromedriverVersion: 2.36.540470 (e522d04694c7eb..., userDataDir: C:\Users\alex_raj\AppData\L...}, cssSelectorsEnabled: true, databaseEnabled: false, handlesAlerts: true, hasTouchScreen: false, javascriptEnabled: true, locationContextEnabled: true, mobileEmulationEnabled: false, nativeEvents: true, networkConnectionEnabled: false, pageLoadStrategy: normal, platform: XP, platformName: XP, rotatable: false, setWindowRect: true, takesHeapSnapshot: true, takesScreenshot: true, unexpectedAlertBehaviour: , unhandledPromptBehavior: , version: 67.0.3396.99, webStorageEnabled: true}
Session ID: 1f1a17cb90d87f71a15a291d25c8830c">
      <![CDATA[org.openqa.selenium.WebDriverException: unknown error: Element <div class="ux-desktop-shortcut x-item-selected" id="Trades &amp; Giveups-shortcut" role="option" tabindex="-1" data-recordindex="1" data-recordid="318" data-boundview="dataview-1802" aria-selected="true">...</div> is not clickable at point (48, 180). Other element would receive the click: <div class="x-grid-view x-grid-with-col-lines x-grid-with-row-lines x-fit-item x-grid-view-default x-unselectable" role="rowgroup" id="tableview-3675" tabindex="0" data-componentid="tableview-3675" style="overflow: auto; margin: 0px; width: 1362px; height: 175px;">...</div>
  (Session info: chrome=67.0.3396.99)
  (Driver info: chromedriver=2.36.540470 (e522d04694c7ebea4ba8821272dbef4f9b818c91),platform=Windows NT 6.1.7601 SP1 x86_64) (WARNING: The server did not provide any stacktrace information)
Command duration or timeout: 0 milliseconds
Build info: version: '3.8.1', revision: '6e95a6684b', time: '2017-12-01T19:05:32.194Z'
System info: host: 'SYSVINEL036', ip: '172.30.30.36', os.name: 'Windows 7', os.arch: 'amd64', os.version: '6.1', java.version: '1.8.0_144'
Driver info: org.openqa.selenium.chrome.ChromeDriver
Capabilities {acceptInsecureCerts: false, acceptSslCerts: false, applicationCacheEnabled: false, browserConnectionEnabled: false, browserName: chrome, chrome: {chromedriverVersion: 2.36.540470 (e522d04694c7eb..., userDataDir: C:\Users\alex_raj\AppData\L...}, cssSelectorsEnabled: true, databaseEnabled: false, handlesAlerts: true, hasTouchScreen: false, javascriptEnabled: true, locationContextEnabled: true, mobileEmulationEnabled: false, nativeEvents: true, networkConnectionEnabled: false, pageLoadStrategy: normal, platform: XP, platformName: XP, rotatable: false, setWindowRect: true, takesHeapSnapshot: true, takesScreenshot: true, unexpectedAlertBehaviour: , unhandledPromptBehavior: , version: 67.0.3396.99, webStorageEnabled: true}
Session ID: 1f1a17cb90d87f71a15a291d25c8830c
	at org.openqa.selenium.remote.ErrorHandler.createThrowable(ErrorHandler.java:214)
	at org.openqa.selenium.remote.ErrorHandler.throwIfResponseFailed(ErrorHandler.java:166)
	at org.openqa.selenium.remote.http.JsonHttpResponseCodec.reconstructValue(JsonHttpResponseCodec.java:40)
	at org.openqa.selenium.remote.http.AbstractHttpResponseCodec.decode(AbstractHttpResponseCodec.java:80)
	at org.openqa.selenium.remote.http.AbstractHttpResponseCodec.decode(AbstractHttpResponseCodec.java:44)
	at org.openqa.selenium.remote.HttpCommandExecutor.execute(HttpCommandExecutor.java:164)
	at org.openqa.selenium.remote.service.DriverCommandExecutor.execute(DriverCommandExecutor.java:83)
	at org.openqa.selenium.remote.RemoteWebDriver.execute(RemoteWebDriver.java:601)
	at org.openqa.selenium.remote.RemoteWebElement.execute(RemoteWebElement.java:279)
	at org.openqa.selenium.remote.RemoteWebElement.click(RemoteWebElement.java:83)
	at com.Mainclass.openTradesandGiveups(Mainclass.java:272)
	at com.Demo_TradesandGiveups.tradeSplitaction(Demo_TradesandGiveups.java:564)
... Removed 28 stack frames]]>
    </failure>
  </testcase> <!-- tradeSplitaction -->
  <testcase name="openorcloseAction" time="0.076" classname="com.Demo_TradesandGiveups">
    <failure type="org.openqa.selenium.WebDriverException" message="unknown error: Element &amp;lt;div class=&amp;quot;ux-desktop-shortcut x-item-selected&amp;quot; id=&amp;quot;Trades &amp;amp;amp; Giveups-shortcut&amp;quot; role=&amp;quot;option&amp;quot; tabindex=&amp;quot;-1&amp;quot; data-recordindex=&amp;quot;1&amp;quot; data-recordid=&amp;quot;318&amp;quot; data-boundview=&amp;quot;dataview-1802&amp;quot; aria-selected=&amp;quot;true&amp;quot;&amp;gt;...&amp;lt;/div&amp;gt; is not clickable at point (48, 180). Other element would receive the click: &amp;lt;div class=&amp;quot;x-grid-view x-grid-with-col-lines x-grid-with-row-lines x-fit-item x-grid-view-default x-unselectable&amp;quot; role=&amp;quot;rowgroup&amp;quot; id=&amp;quot;tableview-3675&amp;quot; tabindex=&amp;quot;0&amp;quot; data-componentid=&amp;quot;tableview-3675&amp;quot; style=&amp;quot;overflow: auto; margin: 0px; width: 1362px; height: 175px;&amp;quot;&amp;gt;...&amp;lt;/div&amp;gt;
  (Session info: chrome=67.0.3396.99)
  (Driver info: chromedriver=2.36.540470 (e522d04694c7ebea4ba8821272dbef4f9b818c91),platform=Windows NT 6.1.7601 SP1 x86_64) (WARNING: The server did not provide any stacktrace information)
Command duration or timeout: 0 milliseconds
Build info: version: &amp;apos;3.8.1&amp;apos;, revision: &amp;apos;6e95a6684b&amp;apos;, time: &amp;apos;2017-12-01T19:05:32.194Z&amp;apos;
System info: host: &amp;apos;SYSVINEL036&amp;apos;, ip: &amp;apos;172.30.30.36&amp;apos;, os.name: &amp;apos;Windows 7&amp;apos;, os.arch: &amp;apos;amd64&amp;apos;, os.version: &amp;apos;6.1&amp;apos;, java.version: &amp;apos;1.8.0_144&amp;apos;
Driver info: org.openqa.selenium.chrome.ChromeDriver
Capabilities {acceptInsecureCerts: false, acceptSslCerts: false, applicationCacheEnabled: false, browserConnectionEnabled: false, browserName: chrome, chrome: {chromedriverVersion: 2.36.540470 (e522d04694c7eb..., userDataDir: C:\Users\alex_raj\AppData\L...}, cssSelectorsEnabled: true, databaseEnabled: false, handlesAlerts: true, hasTouchScreen: false, javascriptEnabled: true, locationContextEnabled: true, mobileEmulationEnabled: false, nativeEvents: true, networkConnectionEnabled: false, pageLoadStrategy: normal, platform: XP, platformName: XP, rotatable: false, setWindowRect: true, takesHeapSnapshot: true, takesScreenshot: true, unexpectedAlertBehaviour: , unhandledPromptBehavior: , version: 67.0.3396.99, webStorageEnabled: true}
Session ID: 1f1a17cb90d87f71a15a291d25c8830c">
      <![CDATA[org.openqa.selenium.WebDriverException: unknown error: Element <div class="ux-desktop-shortcut x-item-selected" id="Trades &amp; Giveups-shortcut" role="option" tabindex="-1" data-recordindex="1" data-recordid="318" data-boundview="dataview-1802" aria-selected="true">...</div> is not clickable at point (48, 180). Other element would receive the click: <div class="x-grid-view x-grid-with-col-lines x-grid-with-row-lines x-fit-item x-grid-view-default x-unselectable" role="rowgroup" id="tableview-3675" tabindex="0" data-componentid="tableview-3675" style="overflow: auto; margin: 0px; width: 1362px; height: 175px;">...</div>
  (Session info: chrome=67.0.3396.99)
  (Driver info: chromedriver=2.36.540470 (e522d04694c7ebea4ba8821272dbef4f9b818c91),platform=Windows NT 6.1.7601 SP1 x86_64) (WARNING: The server did not provide any stacktrace information)
Command duration or timeout: 0 milliseconds
Build info: version: '3.8.1', revision: '6e95a6684b', time: '2017-12-01T19:05:32.194Z'
System info: host: 'SYSVINEL036', ip: '172.30.30.36', os.name: 'Windows 7', os.arch: 'amd64', os.version: '6.1', java.version: '1.8.0_144'
Driver info: org.openqa.selenium.chrome.ChromeDriver
Capabilities {acceptInsecureCerts: false, acceptSslCerts: false, applicationCacheEnabled: false, browserConnectionEnabled: false, browserName: chrome, chrome: {chromedriverVersion: 2.36.540470 (e522d04694c7eb..., userDataDir: C:\Users\alex_raj\AppData\L...}, cssSelectorsEnabled: true, databaseEnabled: false, handlesAlerts: true, hasTouchScreen: false, javascriptEnabled: true, locationContextEnabled: true, mobileEmulationEnabled: false, nativeEvents: true, networkConnectionEnabled: false, pageLoadStrategy: normal, platform: XP, platformName: XP, rotatable: false, setWindowRect: true, takesHeapSnapshot: true, takesScreenshot: true, unexpectedAlertBehaviour: , unhandledPromptBehavior: , version: 67.0.3396.99, webStorageEnabled: true}
Session ID: 1f1a17cb90d87f71a15a291d25c8830c
	at org.openqa.selenium.remote.ErrorHandler.createThrowable(ErrorHandler.java:214)
	at org.openqa.selenium.remote.ErrorHandler.throwIfResponseFailed(ErrorHandler.java:166)
	at org.openqa.selenium.remote.http.JsonHttpResponseCodec.reconstructValue(JsonHttpResponseCodec.java:40)
	at org.openqa.selenium.remote.http.AbstractHttpResponseCodec.decode(AbstractHttpResponseCodec.java:80)
	at org.openqa.selenium.remote.http.AbstractHttpResponseCodec.decode(AbstractHttpResponseCodec.java:44)
	at org.openqa.selenium.remote.HttpCommandExecutor.execute(HttpCommandExecutor.java:164)
	at org.openqa.selenium.remote.service.DriverCommandExecutor.execute(DriverCommandExecutor.java:83)
	at org.openqa.selenium.remote.RemoteWebDriver.execute(RemoteWebDriver.java:601)
	at org.openqa.selenium.remote.RemoteWebElement.execute(RemoteWebElement.java:279)
	at org.openqa.selenium.remote.RemoteWebElement.click(RemoteWebElement.java:83)
	at com.Mainclass.openTradesandGiveups(Mainclass.java:272)
	at com.Demo_TradesandGiveups.openorcloseAction(Demo_TradesandGiveups.java:630)
... Removed 28 stack frames]]>
    </failure>
  </testcase> <!-- openorcloseAction -->
  <testcase name="ccpTradeAutoMatch" time="0.128" classname="com.Demo_TradesandGiveups">
    <failure type="org.openqa.selenium.WebDriverException" message="unknown error: Element &amp;lt;div class=&amp;quot;ux-desktop-shortcut x-item-selected&amp;quot; id=&amp;quot;Trades &amp;amp;amp; Giveups-shortcut&amp;quot; role=&amp;quot;option&amp;quot; tabindex=&amp;quot;-1&amp;quot; data-recordindex=&amp;quot;1&amp;quot; data-recordid=&amp;quot;318&amp;quot; data-boundview=&amp;quot;dataview-1802&amp;quot; aria-selected=&amp;quot;true&amp;quot;&amp;gt;...&amp;lt;/div&amp;gt; is not clickable at point (48, 180). Other element would receive the click: &amp;lt;div class=&amp;quot;x-grid-view x-grid-with-col-lines x-grid-with-row-lines x-fit-item x-grid-view-default x-unselectable&amp;quot; role=&amp;quot;rowgroup&amp;quot; id=&amp;quot;tableview-3675&amp;quot; tabindex=&amp;quot;0&amp;quot; data-componentid=&amp;quot;tableview-3675&amp;quot; style=&amp;quot;overflow: auto; margin: 0px; width: 1362px; height: 175px;&amp;quot;&amp;gt;...&amp;lt;/div&amp;gt;
  (Session info: chrome=67.0.3396.99)
  (Driver info: chromedriver=2.36.540470 (e522d04694c7ebea4ba8821272dbef4f9b818c91),platform=Windows NT 6.1.7601 SP1 x86_64) (WARNING: The server did not provide any stacktrace information)
Command duration or timeout: 0 milliseconds
Build info: version: &amp;apos;3.8.1&amp;apos;, revision: &amp;apos;6e95a6684b&amp;apos;, time: &amp;apos;2017-12-01T19:05:32.194Z&amp;apos;
System info: host: &amp;apos;SYSVINEL036&amp;apos;, ip: &amp;apos;172.30.30.36&amp;apos;, os.name: &amp;apos;Windows 7&amp;apos;, os.arch: &amp;apos;amd64&amp;apos;, os.version: &amp;apos;6.1&amp;apos;, java.version: &amp;apos;1.8.0_144&amp;apos;
Driver info: org.openqa.selenium.chrome.ChromeDriver
Capabilities {acceptInsecureCerts: false, acceptSslCerts: false, applicationCacheEnabled: false, browserConnectionEnabled: false, browserName: chrome, chrome: {chromedriverVersion: 2.36.540470 (e522d04694c7eb..., userDataDir: C:\Users\alex_raj\AppData\L...}, cssSelectorsEnabled: true, databaseEnabled: false, handlesAlerts: true, hasTouchScreen: false, javascriptEnabled: true, locationContextEnabled: true, mobileEmulationEnabled: false, nativeEvents: true, networkConnectionEnabled: false, pageLoadStrategy: normal, platform: XP, platformName: XP, rotatable: false, setWindowRect: true, takesHeapSnapshot: true, takesScreenshot: true, unexpectedAlertBehaviour: , unhandledPromptBehavior: , version: 67.0.3396.99, webStorageEnabled: true}
Session ID: 1f1a17cb90d87f71a15a291d25c8830c">
      <![CDATA[org.openqa.selenium.WebDriverException: unknown error: Element <div class="ux-desktop-shortcut x-item-selected" id="Trades &amp; Giveups-shortcut" role="option" tabindex="-1" data-recordindex="1" data-recordid="318" data-boundview="dataview-1802" aria-selected="true">...</div> is not clickable at point (48, 180). Other element would receive the click: <div class="x-grid-view x-grid-with-col-lines x-grid-with-row-lines x-fit-item x-grid-view-default x-unselectable" role="rowgroup" id="tableview-3675" tabindex="0" data-componentid="tableview-3675" style="overflow: auto; margin: 0px; width: 1362px; height: 175px;">...</div>
  (Session info: chrome=67.0.3396.99)
  (Driver info: chromedriver=2.36.540470 (e522d04694c7ebea4ba8821272dbef4f9b818c91),platform=Windows NT 6.1.7601 SP1 x86_64) (WARNING: The server did not provide any stacktrace information)
Command duration or timeout: 0 milliseconds
Build info: version: '3.8.1', revision: '6e95a6684b', time: '2017-12-01T19:05:32.194Z'
System info: host: 'SYSVINEL036', ip: '172.30.30.36', os.name: 'Windows 7', os.arch: 'amd64', os.version: '6.1', java.version: '1.8.0_144'
Driver info: org.openqa.selenium.chrome.ChromeDriver
Capabilities {acceptInsecureCerts: false, acceptSslCerts: false, applicationCacheEnabled: false, browserConnectionEnabled: false, browserName: chrome, chrome: {chromedriverVersion: 2.36.540470 (e522d04694c7eb..., userDataDir: C:\Users\alex_raj\AppData\L...}, cssSelectorsEnabled: true, databaseEnabled: false, handlesAlerts: true, hasTouchScreen: false, javascriptEnabled: true, locationContextEnabled: true, mobileEmulationEnabled: false, nativeEvents: true, networkConnectionEnabled: false, pageLoadStrategy: normal, platform: XP, platformName: XP, rotatable: false, setWindowRect: true, takesHeapSnapshot: true, takesScreenshot: true, unexpectedAlertBehaviour: , unhandledPromptBehavior: , version: 67.0.3396.99, webStorageEnabled: true}
Session ID: 1f1a17cb90d87f71a15a291d25c8830c
	at org.openqa.selenium.remote.ErrorHandler.createThrowable(ErrorHandler.java:214)
	at org.openqa.selenium.remote.ErrorHandler.throwIfResponseFailed(ErrorHandler.java:166)
	at org.openqa.selenium.remote.http.JsonHttpResponseCodec.reconstructValue(JsonHttpResponseCodec.java:40)
	at org.openqa.selenium.remote.http.AbstractHttpResponseCodec.decode(AbstractHttpResponseCodec.java:80)
	at org.openqa.selenium.remote.http.AbstractHttpResponseCodec.decode(AbstractHttpResponseCodec.java:44)
	at org.openqa.selenium.remote.HttpCommandExecutor.execute(HttpCommandExecutor.java:164)
	at org.openqa.selenium.remote.service.DriverCommandExecutor.execute(DriverCommandExecutor.java:83)
	at org.openqa.selenium.remote.RemoteWebDriver.execute(RemoteWebDriver.java:601)
	at org.openqa.selenium.remote.RemoteWebElement.execute(RemoteWebElement.java:279)
	at org.openqa.selenium.remote.RemoteWebElement.click(RemoteWebElement.java:83)
	at com.Mainclass.openTradesandGiveups(Mainclass.java:272)
	at com.Demo_TradesandGiveups.ccpTradeAutoMatch(Demo_TradesandGiveups.java:737)
... Removed 28 stack frames]]>
    </failure>
  </testcase> <!-- ccpTradeAutoMatch -->
  <testcase name="applogin" time="17.227" classname="com.Demo_Claims"/>
  <testcase name="uploadClaimsTrade" time="23.716" classname="com.Demo_Claims"/>
  <testcase name="affirmAction" time="18.903" classname="com.Demo_Claims"/>
  <testcase name="rejectAction" time="17.204" classname="com.Demo_Claims"/>
  <testcase name="allocateAction" time="51.043" classname="com.Demo_Claims"/>
  <testcase name="clientAllocationAutoAllocation" time="17.6" classname="com.Demo_Claims">
    <failure type="org.openqa.selenium.WebDriverException" message="unknown error: Element &amp;lt;div id=&amp;quot;tool-2845-toolEl&amp;quot; data-ref=&amp;quot;toolEl&amp;quot; class=&amp;quot;x-tool-img x-tool-close&amp;quot; role=&amp;quot;presentation&amp;quot;&amp;gt;&amp;lt;/div&amp;gt; is not clickable at point (1350, 18). Other element would receive the click: &amp;lt;div role=&amp;quot;presentation&amp;quot; class=&amp;quot;x-mask x-border-box&amp;quot; style=&amp;quot;height: 618px; width: 1366px; z-index: 19006; right: auto; left: 0px; top: 0px;&amp;quot; id=&amp;quot;ext-element-14&amp;quot;&amp;gt;&amp;lt;/div&amp;gt;
  (Session info: chrome=67.0.3396.99)
  (Driver info: chromedriver=2.36.540470 (e522d04694c7ebea4ba8821272dbef4f9b818c91),platform=Windows NT 6.1.7601 SP1 x86_64) (WARNING: The server did not provide any stacktrace information)
Command duration or timeout: 0 milliseconds
Build info: version: &amp;apos;3.8.1&amp;apos;, revision: &amp;apos;6e95a6684b&amp;apos;, time: &amp;apos;2017-12-01T19:05:32.194Z&amp;apos;
System info: host: &amp;apos;SYSVINEL036&amp;apos;, ip: &amp;apos;172.30.30.36&amp;apos;, os.name: &amp;apos;Windows 7&amp;apos;, os.arch: &amp;apos;amd64&amp;apos;, os.version: &amp;apos;6.1&amp;apos;, java.version: &amp;apos;1.8.0_144&amp;apos;
Driver info: org.openqa.selenium.chrome.ChromeDriver
Capabilities {acceptInsecureCerts: false, acceptSslCerts: false, applicationCacheEnabled: false, browserConnectionEnabled: false, browserName: chrome, chrome: {chromedriverVersion: 2.36.540470 (e522d04694c7eb..., userDataDir: C:\Users\alex_raj\AppData\L...}, cssSelectorsEnabled: true, databaseEnabled: false, handlesAlerts: true, hasTouchScreen: false, javascriptEnabled: true, locationContextEnabled: true, mobileEmulationEnabled: false, nativeEvents: true, networkConnectionEnabled: false, pageLoadStrategy: normal, platform: XP, platformName: XP, rotatable: false, setWindowRect: true, takesHeapSnapshot: true, takesScreenshot: true, unexpectedAlertBehaviour: , unhandledPromptBehavior: , version: 67.0.3396.99, webStorageEnabled: true}
Session ID: 1f1a17cb90d87f71a15a291d25c8830c">
      <![CDATA[org.openqa.selenium.WebDriverException: unknown error: Element <div id="tool-2845-toolEl" data-ref="toolEl" class="x-tool-img x-tool-close" role="presentation"></div> is not clickable at point (1350, 18). Other element would receive the click: <div role="presentation" class="x-mask x-border-box" style="height: 618px; width: 1366px; z-index: 19006; right: auto; left: 0px; top: 0px;" id="ext-element-14"></div>
  (Session info: chrome=67.0.3396.99)
  (Driver info: chromedriver=2.36.540470 (e522d04694c7ebea4ba8821272dbef4f9b818c91),platform=Windows NT 6.1.7601 SP1 x86_64) (WARNING: The server did not provide any stacktrace information)
Command duration or timeout: 0 milliseconds
Build info: version: '3.8.1', revision: '6e95a6684b', time: '2017-12-01T19:05:32.194Z'
System info: host: 'SYSVINEL036', ip: '172.30.30.36', os.name: 'Windows 7', os.arch: 'amd64', os.version: '6.1', java.version: '1.8.0_144'
Driver info: org.openqa.selenium.chrome.ChromeDriver
Capabilities {acceptInsecureCerts: false, acceptSslCerts: false, applicationCacheEnabled: false, browserConnectionEnabled: false, browserName: chrome, chrome: {chromedriverVersion: 2.36.540470 (e522d04694c7eb..., userDataDir: C:\Users\alex_raj\AppData\L...}, cssSelectorsEnabled: true, databaseEnabled: false, handlesAlerts: true, hasTouchScreen: false, javascriptEnabled: true, locationContextEnabled: true, mobileEmulationEnabled: false, nativeEvents: true, networkConnectionEnabled: false, pageLoadStrategy: normal, platform: XP, platformName: XP, rotatable: false, setWindowRect: true, takesHeapSnapshot: true, takesScreenshot: true, unexpectedAlertBehaviour: , unhandledPromptBehavior: , version: 67.0.3396.99, webStorageEnabled: true}
Session ID: 1f1a17cb90d87f71a15a291d25c8830c
	at org.openqa.selenium.remote.ErrorHandler.createThrowable(ErrorHandler.java:214)
	at org.openqa.selenium.remote.ErrorHandler.throwIfResponseFailed(ErrorHandler.java:166)
	at org.openqa.selenium.remote.http.JsonHttpResponseCodec.reconstructValue(JsonHttpResponseCodec.java:40)
	at org.openqa.selenium.remote.http.AbstractHttpResponseCodec.decode(AbstractHttpResponseCodec.java:80)
	at org.openqa.selenium.remote.http.AbstractHttpResponseCodec.decode(AbstractHttpResponseCodec.java:44)
	at org.openqa.selenium.remote.HttpCommandExecutor.execute(HttpCommandExecutor.java:164)
	at org.openqa.selenium.remote.service.DriverCommandExecutor.execute(DriverCommandExecutor.java:83)
	at org.openqa.selenium.remote.RemoteWebDriver.execute(RemoteWebDriver.java:601)
	at org.openqa.selenium.remote.RemoteWebElement.execute(RemoteWebElement.java:279)
	at org.openqa.selenium.remote.RemoteWebElement.click(RemoteWebElement.java:83)
	at com.Mainclass.closeClaims(Mainclass.java:326)
	at com.Demo_Claims.clientAllocationAutoAllocation(Demo_Claims.java:364)
... Removed 28 stack frames]]>
    </failure>
  </testcase> <!-- clientAllocationAutoAllocation -->
</testsuite> <!-- Clear Demo env Automation test scripts -->
